<?xml version="1.0" encoding="UTF-8"?>
<!-- Generated by org.testng.reporters.JUnitReportReporter -->
<testsuite hostname="Archana" failures="0" tests="1" name="com.SeleniumWebDriver.WaitAndMaxMin" time="14.576" errors="0" timestamp="2021-07-19T14:46:24 PDT" skipped="0">
  <testcase classname="com.SeleniumWebDriver.WaitAndMaxMin" name="waitmethods" time="14.576"/>
  <system-out/>
</testsuite> <!-- com.SeleniumWebDriver.WaitAndMaxMin -->
