<?xml version="1.0" encoding="UTF-8"?>
<!-- Generated by org.testng.reporters.JUnitReportReporter -->
<testsuite hostname="Archana" failures="0" tests="1" name="com.SeleniumWebDriver.ButtonModule" time="10.257" errors="0" timestamp="2021-07-19T14:35:20 PDT" skipped="0">
  <testcase classname="com.SeleniumWebDriver.ButtonModule" name="Button" time="10.257"/>
  <system-out/>
</testsuite> <!-- com.SeleniumWebDriver.ButtonModule -->
