<?xml version="1.0" encoding="UTF-8"?>
<!-- Generated by org.testng.reporters.JUnitReportReporter -->
<testsuite hostname="Archana" failures="0" tests="1" name="com.SeleniumWebDriver.TakeScreenshot" time="31.003" errors="0" timestamp="2021-07-20T21:10:12 PDT" skipped="0">
  <testcase classname="com.SeleniumWebDriver.TakeScreenshot" name="newscreenshot" time="31.003"/>
  <system-out/>
</testsuite> <!-- com.SeleniumWebDriver.TakeScreenshot -->
