<?xml version="1.0" encoding="UTF-8"?>
<!-- Generated by org.testng.reporters.JUnitReportReporter -->
<testsuite hostname="Archana" failures="0" tests="1" name="com.NewPackage.RadioButton" time="40.110" errors="0" timestamp="2021-07-14T22:16:31 IST" skipped="0">
  <testcase classname="com.NewPackage.RadioButton" name="Radiobutton1" time="40.110"/>
  <system-out/>
</testsuite> <!-- com.NewPackage.RadioButton -->
