<?xml version="1.0" encoding="UTF-8"?>
<!-- Generated by org.testng.reporters.JUnitReportReporter -->
<testsuite hostname="Archana" failures="0" tests="1" name="com.SeleniumWebDriver.OrderedList" time="58.240" errors="0" timestamp="2021-07-20T19:32:24 PDT" skipped="0">
  <testcase classname="com.SeleniumWebDriver.OrderedList" name="orderlist" time="58.240"/>
  <system-out/>
</testsuite> <!-- com.SeleniumWebDriver.OrderedList -->
