<?xml version="1.0" encoding="UTF-8"?>
<!-- Generated by org.testng.reporters.JUnitReportReporter -->
<testsuite hostname="Archana" failures="0" tests="1" name="com.SeleniumWebDriver.EditModule" time="17.755" errors="0" timestamp="2021-07-19T14:52:55 PDT" skipped="0">
  <testcase classname="com.SeleniumWebDriver.EditModule" name="newtest" time="17.755"/>
  <system-out/>
</testsuite> <!-- com.SeleniumWebDriver.EditModule -->
