<?xml version="1.0" encoding="UTF-8"?>
<!-- Generated by org.testng.reporters.JUnitReportReporter -->
<testsuite hostname="Archana" failures="0" tests="1" name="com.SeleniumWebDriver.Frames" time="22.734" errors="0" timestamp="2021-07-19T14:31:45 PDT" skipped="0">
  <testcase classname="com.SeleniumWebDriver.Frames" name="Commands" time="22.734"/>
  <system-out/>
</testsuite> <!-- com.SeleniumWebDriver.Frames -->
