<?xml version="1.0" encoding="UTF-8"?>
<!-- Generated by org.testng.reporters.JUnitReportReporter -->
<testsuite hostname="Archana" failures="0" tests="1" name="com.SeleniumWebDriver.UnOrderedList" time="26.923" errors="0" timestamp="2021-07-20T21:49:54 PDT" skipped="0">
  <testcase classname="com.SeleniumWebDriver.UnOrderedList" name="unordered" time="26.923"/>
  <system-out/>
</testsuite> <!-- com.SeleniumWebDriver.UnOrderedList -->
