<?xml version="1.0" encoding="UTF-8"?>
<!-- Generated by org.testng.reporters.JUnitReportReporter -->
<testsuite hostname="Archana" failures="0" tests="1" name="com.SeleniumWebDriver.Popups1" time="31.708" errors="0" timestamp="2021-07-19T14:56:50 PDT" skipped="0">
  <testcase classname="com.SeleniumWebDriver.Popups1" name="alertpopups" time="31.708"/>
  <system-out/>
</testsuite> <!-- com.SeleniumWebDriver.Popups1 -->
