<?xml version="1.0" encoding="UTF-8"?>
<!-- Generated by org.testng.reporters.JUnitReportReporter -->
<testsuite hostname="Archana" failures="0" tests="1" name="com.SeleniumWebDriver.SelectingDate" time="71.123" errors="0" timestamp="2021-07-21T21:59:33 PDT" skipped="0">
  <testcase classname="com.SeleniumWebDriver.SelectingDate" name="datepicker" time="71.123"/>
  <system-out/>
</testsuite> <!-- com.SeleniumWebDriver.SelectingDate -->
