<?xml version="1.0" encoding="UTF-8"?>
<!-- Generated by org.testng.reporters.JUnitReportReporter -->
<testsuite hostname="Archana" failures="0" tests="2" name="com.NewPackage.TestngDependonMethods" time="0.027" errors="0" timestamp="2021-07-11T13:28:11 IST" skipped="0">
  <testcase classname="com.NewPackage.TestngDependonMethods" name="sub1" time="0.022"/>
  <system-out/>
  <testcase classname="com.NewPackage.TestngDependonMethods" name="add1" time="0.005"/>
  <system-out/>
</testsuite> <!-- com.NewPackage.TestngDependonMethods -->
