<?xml version="1.0" encoding="UTF-8"?>
<!-- Generated by org.testng.reporters.JUnitReportReporter -->
<testsuite hostname="Archana" failures="0" tests="3" name="com.NewPackage.DataProvider" time="0.015" errors="0" timestamp="2021-07-13T18:23:49 IST" skipped="0">
  <testcase classname="com.NewPackage.DataProvider" name="addtest" time="0.000"/>
  <system-out/>
  <testcase classname="com.NewPackage.DataProvider" name="addtest" time="0.015"/>
  <system-out/>
  <testcase classname="com.NewPackage.DataProvider" name="addtest" time="0.000"/>
  <system-out/>
</testsuite> <!-- com.NewPackage.DataProvider -->
