<?xml version="1.0" encoding="UTF-8"?>
<!-- Generated by org.testng.reporters.JUnitReportReporter -->
<testsuite hostname="Archana" failures="0" tests="1" name="com.SeleniumWebDriver.Navigate" time="10.338" errors="0" timestamp="2021-07-19T14:25:28 PDT" skipped="0">
  <testcase classname="com.SeleniumWebDriver.Navigate" name="navigate" time="10.338"/>
  <system-out/>
</testsuite> <!-- com.SeleniumWebDriver.Navigate -->
