<?xml version="1.0" encoding="UTF-8"?>
<!-- Generated by org.testng.reporters.JUnitReportReporter -->
<testsuite hostname="Archana" failures="0" tests="1" name="com.Functionality.Login" time="19.999" errors="0" timestamp="2021-07-21T22:45:38 PDT" skipped="0">
  <testcase classname="com.Functionality.Login" name="f" time="19.999"/>
  <system-out/>
</testsuite> <!-- com.Functionality.Login -->
