<?xml version="1.0" encoding="UTF-8"?>
<!-- Generated by org.testng.reporters.JUnitReportReporter -->
<testsuite hostname="Archana" failures="0" tests="1" name="com.SeleniumWebDriver.Popups" time="38.974" errors="0" timestamp="2021-07-19T14:55:32 PDT" skipped="0">
  <testcase classname="com.SeleniumWebDriver.Popups" name="popup" time="38.974"/>
  <system-out/>
</testsuite> <!-- com.SeleniumWebDriver.Popups -->
