<?xml version="1.0" encoding="UTF-8"?>
<!-- Generated by org.testng.reporters.JUnitReportReporter -->
<testsuite hostname="Archana" failures="0" tests="1" name="com.SeleniumWebDriver.DragandDrop" time="24.453" errors="0" timestamp="2021-07-19T21:37:15 PDT" skipped="0">
  <testcase classname="com.SeleniumWebDriver.DragandDrop" name="draganddropAutomation" time="24.453"/>
  <system-out/>
</testsuite> <!-- com.SeleniumWebDriver.DragandDrop -->
