<?xml version="1.0" encoding="UTF-8"?>
<!-- Generated by org.testng.reporters.JUnitReportReporter -->
<testsuite hostname="Archana" failures="0" tests="4" name="com.NewPackage.TestngGroups" time="0.021" errors="0" timestamp="2021-07-12T22:08:28 IST" skipped="0">
  <testcase classname="com.NewPackage.TestngGroups" name="third" time="0.002"/>
  <system-out/>
  <testcase classname="com.NewPackage.TestngGroups" name="second" time="0.001"/>
  <system-out/>
  <testcase classname="com.NewPackage.TestngGroups" name="first" time="0.014"/>
  <system-out/>
  <testcase classname="com.NewPackage.TestngGroups" name="fourth" time="0.004"/>
  <system-out>
    <![CDATA[All testing types based on grouptype executed]]>
  </system-out>
</testsuite> <!-- com.NewPackage.TestngGroups -->
