<?xml version="1.0" encoding="UTF-8"?>
<!-- Generated by org.testng.reporters.JUnitReportReporter -->
<testsuite hostname="Archana" failures="0" tests="1" name="com.SeleniumWebDriver.SeleniumCommands" time="18.885" errors="0" timestamp="2021-07-19T12:58:30 PDT" skipped="0">
  <testcase classname="com.SeleniumWebDriver.SeleniumCommands" name="Commands" time="18.885"/>
  <system-out/>
</testsuite> <!-- com.SeleniumWebDriver.SeleniumCommands -->
