<?xml version="1.0" encoding="UTF-8"?>
<!-- Generated by org.testng.reporters.JUnitReportReporter -->
<testsuite hostname="Archana" failures="0" tests="2" name="NewTestTestng" time="0.014" errors="0" timestamp="2021-07-12T17:08:24 IST" skipped="0">
  <testcase classname="NewTestTestng" name="first" time="0.011"/>
  <system-out/>
  <testcase classname="NewTestTestng" name="second" time="0.003"/>
  <system-out/>
</testsuite> <!-- NewTestTestng -->
