<?xml version="1.0" encoding="UTF-8"?>
<!-- Generated by org.testng.reporters.JUnitReportReporter -->
<testsuite hostname="Archana" failures="0" tests="1" name="com.SeleniumWebDriver.HyperLink" time="37.438" errors="0" timestamp="2021-07-19T14:54:09 PDT" skipped="0">
  <testcase classname="com.SeleniumWebDriver.HyperLink" name="Hyperlink" time="37.438"/>
  <system-out/>
</testsuite> <!-- com.SeleniumWebDriver.HyperLink -->
