<?xml version="1.0" encoding="UTF-8"?>
<!-- Generated by org.testng.reporters.JUnitReportReporter -->
<testsuite hostname="Archana" failures="0" tests="1" name="com.Functionality.ToolTip" time="20.720" errors="0" timestamp="2021-07-25T15:52:02 PDT" skipped="0">
  <testcase classname="com.Functionality.ToolTip" name="tooltips" time="20.720"/>
  <system-out/>
</testsuite> <!-- com.Functionality.ToolTip -->
