<?xml version="1.0" encoding="UTF-8"?>
<!-- Generated by org.testng.reporters.JUnitReportReporter -->
<testsuite hostname="Archana" failures="0" tests="1" name="com.SeleniumWebDriver.ScrolldownPage" time="27.411" errors="0" timestamp="2021-07-21T22:17:37 PDT" skipped="0">
  <testcase classname="com.SeleniumWebDriver.ScrolldownPage" name="scrollpage" time="27.411"/>
  <system-out/>
</testsuite> <!-- com.SeleniumWebDriver.ScrolldownPage -->
