<?xml version="1.0" encoding="UTF-8"?>
<!-- Generated by org.testng.reporters.JUnitReportReporter -->
<testsuite hostname="Archana" failures="0" tests="1" name="com.SeleniumWebDriver.DoubleClick" time="15.366" errors="0" timestamp="2021-07-20T23:06:20 PDT" skipped="0">
  <testcase classname="com.SeleniumWebDriver.DoubleClick" name="doubleclick" time="15.366"/>
  <system-out/>
</testsuite> <!-- com.SeleniumWebDriver.DoubleClick -->
