<?xml version="1.0" encoding="UTF-8"?>
<!-- Generated by org.testng.reporters.JUnitReportReporter -->
<testsuite hostname="Archana" failures="0" tests="1" name="com.Functionality.tooltip1" time="25.251" errors="0" timestamp="2021-07-26T10:08:07 IST" skipped="0">
  <testcase classname="com.Functionality.tooltip1" name="newtooltip" time="25.251"/>
  <system-out/>
</testsuite> <!-- com.Functionality.tooltip1 -->
