<?xml version="1.0" encoding="UTF-8"?>
<!-- Generated by org.testng.reporters.JUnitReportReporter -->
<testsuite hostname="Archana" failures="0" tests="1" name="com.SeleniumWebDriver.Checkbox" time="55.025" errors="0" timestamp="2021-07-19T14:49:26 PDT" skipped="0">
  <testcase classname="com.SeleniumWebDriver.Checkbox" name="checkboxnew" time="55.025"/>
  <system-out/>
</testsuite> <!-- com.SeleniumWebDriver.Checkbox -->
