<?xml version="1.0" encoding="UTF-8"?>
<!-- Generated by org.testng.reporters.JUnitReportReporter -->
<testsuite hostname="Archana" failures="0" tests="1" name="com.SeleniumWebDriver.RadioButton" time="46.012" errors="0" timestamp="2021-07-19T14:47:22 PDT" skipped="0">
  <testcase classname="com.SeleniumWebDriver.RadioButton" name="Radiobutton1" time="46.012"/>
  <system-out/>
</testsuite> <!-- com.SeleniumWebDriver.RadioButton -->
