<?xml version="1.0" encoding="UTF-8"?>
<!-- Generated by org.testng.reporters.JUnitReportReporter -->
<testsuite hostname="Archana" failures="0" tests="3" name="com.NewPackage.TestngPriority" time="0.022" errors="0" timestamp="2021-07-11T15:59:35 IST" skipped="0">
  <testcase classname="com.NewPackage.TestngPriority" name="a_method" time="0.018"/>
  <system-out/>
  <testcase classname="com.NewPackage.TestngPriority" name="f_method" time="0.002"/>
  <system-out/>
  <testcase classname="com.NewPackage.TestngPriority" name="c_method" time="0.002"/>
  <system-out/>
</testsuite> <!-- com.NewPackage.TestngPriority -->
