<?xml version="1.0" encoding="UTF-8"?>
<!-- Generated by org.testng.reporters.JUnitReportReporter -->
<testsuite hostname="Archana" failures="0" tests="2" name="com.NewPackage.TestngAnnotation" time="0.022" errors="0" timestamp="2021-07-12T17:08:24 IST" skipped="0">
  <testcase classname="com.NewPackage.TestngAnnotation" name="test1" time="0.016"/>
  <system-out/>
  <testcase classname="com.NewPackage.TestngAnnotation" name="test2" time="0.006"/>
  <system-out/>
</testsuite> <!-- com.NewPackage.TestngAnnotation -->
