<?xml version="1.0" encoding="UTF-8"?>
<!-- Generated by org.testng.reporters.JUnitReportReporter -->
<testsuite hostname="Archana" failures="0" tests="3" name="com.Functionality.Cookies" time="93.908" errors="0" timestamp="2021-07-25T10:52:35 PDT" skipped="0">
  <testcase classname="com.Functionality.Cookies" name="Addcookies" time="19.306"/>
  <system-out/>
  <testcase classname="com.Functionality.Cookies" name="deletecookies1" time="39.388"/>
  <system-out/>
  <testcase classname="com.Functionality.Cookies" name="deleteallcookies" time="35.214"/>
  <system-out/>
</testsuite> <!-- com.Functionality.Cookies -->
